  
Warning: *** SUPPORT EXPIRED, NEW PRODUCT SERIAL NUMBER REQUIRED ***
         *** Running with Code Size Limit: 32K                   ***
*** Using Compiler 'V5.06 update 7 (build 960)', folder: 'D:\MDK\ARM\ARMCC\Bin'
Build target 'R1_DJI_FREERTOS'
assembling startup_stm32f427xx.s...
compiling stm32f4xx_hal_msp.c...
compiling stm32f4xx_it.c...
compiling main.c...
..\UC\DJI.h(64): warning:  #1295-D: Deprecated declaration DJI_Init - give arg types
  void DJI_Init();
..\UC\DJI.h(68): warning:  #1-D: last line of file ends without a newline
  #endif
..\UC\Caculate.h(10): warning:  #1-D: last line of file ends without a newline
  #endif
..\UART_COM\nrf_com.h(39): warning:  #1295-D: Deprecated declaration nrf_Transmit_init - give arg types
  void nrf_Transmit_init();
..\UART_COM\nrf_com.h(40): warning:  #1295-D: Deprecated declaration send - give arg types
  void send();
..\UART_COM\nrf_com.h(41): warning:  #1295-D: Deprecated declaration nrf_receive_init - give arg types
  void nrf_receive_init();
..\UART_COM\nrf_com.h(42): warning:  #1295-D: Deprecated declaration nrf_decode - give arg types
  void nrf_decode();
..\UART_COM\nrf_com.h(44): warning:  #1-D: last line of file ends without a newline
  #endif
../Core/Src/main.c(156): warning:  #1035-D: single-precision operand implicitly converted to double-precision
  			if((Raw_Data.ch2-1024)>100) pitch += 0.25;/*==================================================================*/
../Core/Src/main.c(157): warning:  #1035-D: single-precision operand implicitly converted to double-precision
  			if((Raw_Data.ch2-1024)<-100) pitch -= 0.25;/*==================================================================*/
../Core/Src/main.c(158): warning:  #1035-D: single-precision operand implicitly converted to double-precision
  			if((Raw_Data.ch3-1024)>100) yaw -= 0.15;/*==================================================================*/
../Core/Src/main.c(159): warning:  #1035-D: single-precision operand implicitly converted to double-precision
  			if((Raw_Data.ch3-1024)<-100) yaw += 0.15;/*==================================================================*/
../Core/Src/main.c: 12 warnings, 0 errors
compiling gpio.c...
compiling can.c...
compiling stm32f4xx_hal_timebase_tim.c...
compiling tim.c...
compiling usart.c...
compiling dma.c...
compiling stm32f4xx_hal_can.c...
compiling stm32f4xx_hal_rcc.c...
compiling stm32f4xx_hal_rcc_ex.c...
compiling stm32f4xx_hal_gpio.c...
compiling stm32f4xx_hal_flash_ramfunc.c...
compiling stm32f4xx_hal_pwr.c...
compiling stm32f4xx_hal_dma.c...
compiling stm32f4xx_hal_flash_ex.c...
compiling stm32f4xx_hal.c...
compiling stm32f4xx_hal_cortex.c...
compiling stm32f4xx_hal_flash.c...
compiling stm32f4xx_hal_dma_ex.c...
compiling stm32f4xx_hal_pwr_ex.c...
compiling wtr_can.c...
..\UC\DJI.h(64): warning:  #1295-D: Deprecated declaration DJI_Init - give arg types
  void DJI_Init();
..\UC\DJI.h(68): warning:  #1-D: last line of file ends without a newline
  #endif
..\UC\wtr_can.c: 2 warnings, 0 errors
compiling DJI.c...
..\UC\DJI.h(64): warning:  #1295-D: Deprecated declaration DJI_Init - give arg types
  void DJI_Init();
..\UC\DJI.h(68): warning:  #1-D: last line of file ends without a newline
  #endif
..\UC\DJI.c(95): warning:  #1035-D: single-precision operand implicitly converted to double-precision
  	if(motor->Calculate.RotorAngle_0_360_Log[NOW] -  motor->Calculate.RotorAngle_0_360_Log[LAST] > (180.0))
..\UC\DJI.c: 3 warnings, 0 errors
compiling nrf_com.c...
..\UART_COM\nrf_com.h(39): warning:  #1295-D: Deprecated declaration nrf_Transmit_init - give arg types
  void nrf_Transmit_init();
..\UART_COM\nrf_com.h(40): warning:  #1295-D: Deprecated declaration send - give arg types
  void send();
..\UART_COM\nrf_com.h(41): warning:  #1295-D: Deprecated declaration nrf_receive_init - give arg types
  void nrf_receive_init();
..\UART_COM\nrf_com.h(42): warning:  #1295-D: Deprecated declaration nrf_decode - give arg types
  void nrf_decode();
..\UART_COM\nrf_com.h(44): warning:  #1-D: last line of file ends without a newline
  #endif
..\UART_COM\nrf_com.c(64): warning:  #1-D: last line of file ends without a newline
  //}
..\UART_COM\nrf_com.c: 6 warnings, 0 errors
compiling system_stm32f4xx.c...
compiling stm32f4xx_hal_exti.c...
compiling stm32f4xx_hal_tim_ex.c...
compiling wtr_uart.c...
..\UC\DJI.h(64): warning:  #1295-D: Deprecated declaration DJI_Init - give arg types
  void DJI_Init();
..\UC\DJI.h(68): warning:  #1-D: last line of file ends without a newline
  #endif
..\UART_COM\nrf_com.h(39): warning:  #1295-D: Deprecated declaration nrf_Transmit_init - give arg types
  void nrf_Transmit_init();
..\UART_COM\nrf_com.h(40): warning:  #1295-D: Deprecated declaration send - give arg types
  void send();
..\UART_COM\nrf_com.h(41): warning:  #1295-D: Deprecated declaration nrf_receive_init - give arg types
  void nrf_receive_init();
..\UART_COM\nrf_com.h(42): warning:  #1295-D: Deprecated declaration nrf_decode - give arg types
  void nrf_decode();
..\UART_COM\nrf_com.h(44): warning:  #1-D: last line of file ends without a newline
  #endif
..\UC\wtr_uart.c: 7 warnings, 0 errors
compiling Caculate.c...
..\UC\DJI.h(64): warning:  #1295-D: Deprecated declaration DJI_Init - give arg types
  void DJI_Init();
..\UC\DJI.h(68): warning:  #1-D: last line of file ends without a newline
  #endif
..\UC\Caculate.h(10): warning:  #1-D: last line of file ends without a newline
  #endif
..\UC\Caculate.c(49): warning:  #1-D: last line of file ends without a newline
  }
..\UC\Caculate.c: 4 warnings, 0 errors
compiling stm32f4xx_hal_uart.c...
compiling stm32f4xx_hal_tim.c...
linking...
Program Size: Code=16964 RO-data=492 RW-data=128 ZI-data=2800  
FromELF: creating hex file...
"R1_DJI_FREERTOS\R1_DJI_FREERTOS.axf" - 0 Error(s), 35 Warning(s).
Build Time Elapsed:  00:00:53
